<?xml version="1.0" encoding="UTF-8"?>
<testng-results total="1" passed="1" failed="0" skipped="0">
  <reporter-output>
  </reporter-output>
  <suite started-at="2022-08-05T19:48:06Z" name="Default suite" finished-at="2022-08-05T19:48:20Z" duration-ms="13981">
    <groups>
    </groups>
    <test started-at="2022-08-05T19:48:06Z" name="Default test" finished-at="2022-08-05T19:48:20Z" duration-ms="13981">
      <class name="com.example.demo.DemoApplicationTests">
        <test-method is-config="true" signature="setUp()[pri:0, instance:com.example.demo.DemoApplicationTests@176b3f44]" started-at="2022-08-06T01:18:06Z" name="setUp" finished-at="2022-08-06T01:18:12Z" duration-ms="6661" status="PASS">
          <reporter-output>
          </reporter-output>
        </test-method> <!-- setUp -->
        <test-method signature="testWebMail()[pri:0, instance:com.example.demo.DemoApplicationTests@176b3f44]" started-at="2022-08-06T01:18:12Z" name="testWebMail" finished-at="2022-08-06T01:18:20Z" duration-ms="7307" status="PASS">
          <reporter-output>
          </reporter-output>
        </test-method> <!-- testWebMail -->
        <test-method is-config="true" signature="tearDown()[pri:0, instance:com.example.demo.DemoApplicationTests@176b3f44]" started-at="2022-08-06T01:18:20Z" name="tearDown" finished-at="2022-08-06T01:18:20Z" duration-ms="0" status="PASS">
          <reporter-output>
          </reporter-output>
        </test-method> <!-- tearDown -->
      </class> <!-- com.example.demo.DemoApplicationTests -->
    </test> <!-- Default test -->
  </suite> <!-- Default suite -->
</testng-results>
